# JRE version: Java(TM) SE Runtime Environment (19.0+36) (build 19+36-2238)
# Java VM: Java HotSpot(TM) 64-Bit Server VM (19+36-2238, mixed mode, emulated-client, sharing, tiered, compressed oops, compressed class ptrs, g1 gc, windows-amd64)
GC Precious Log:
 CardTable entry size: 512
 Card Set container configuration: InlinePtr #cards 5 size 8 Array Of Cards #cards 12 size 40 Howl #buckets 4 coarsen threshold 1843 Howl Bitmap #cards 512 size 80 coarsen threshold 460 Card regions per heap region 1 cards per card region 2048
 CPUs: 16 total, 16 available
 Memory: 16088M
 Large Page Support: Disabled
 NUMA Support: Disabled
 Compressed Oops: Enabled (32-bit)
 Heap Region Size: 1M
 Heap Min Capacity: 8M
 Heap Initial Capacity: 252M
 Heap Max Capacity: 1G
 Pre-touch: Disabled
 Parallel Workers: 13
 Concurrent Workers: 3
 Concurrent Refinement Workers: 13
 Periodic GC: Disabled
Heap:
 garbage-first heap   total 565248K, used 183962K [0x00000000c0000000, 0x0000000100000000)
  region size 1024K, 22 young (22528K), 22 survivors (22528K)
 Metaspace       used 46844K, committed 47680K, reserved 1114112K
  class space    used 5861K, committed 6272K, reserved 1048576K
GC Heap History (20 events):
Event: 2.346 GC heap after
{Heap after GC invocations=12 (full 0):
 garbage-first heap   total 137216K, used 59213K [0x00000000c0000000, 0x0000000100000000)
  region size 1024K, 6 young (6144K), 6 survivors (6144K)
 Metaspace       used 35353K, committed 35968K, reserved 1114112K
  class space    used 4555K, committed 4864K, reserved 1048576K
}
Event: 2.451 GC heap before
{Heap before GC invocations=13 (full 0):
 garbage-first heap   total 137216K, used 103245K [0x00000000c0000000, 0x0000000100000000)
  region size 1024K, 47 young (48128K), 6 survivors (6144K)
 Metaspace       used 36553K, committed 37248K, reserved 1114112K
  class space    used 4670K, committed 4992K, reserved 1048576K
}
Event: 2.458 GC heap after
{Heap after GC invocations=14 (full 0):
 garbage-first heap   total 137216K, used 77966K [0x00000000c0000000, 0x0000000100000000)
  region size 1024K, 6 young (6144K), 6 survivors (6144K)
 Metaspace       used 36553K, committed 37248K, reserved 1114112K
  class space    used 4670K, committed 4992K, reserved 1048576K
}
Event: 2.459 GC heap before
{Heap before GC invocations=14 (full 0):
 garbage-first heap   total 137216K, used 77966K [0x00000000c0000000, 0x0000000100000000)
  region size 1024K, 7 young (7168K), 6 survivors (6144K)
 Metaspace       used 36553K, committed 37248K, reserved 1114112K
  class space    used 4670K, committed 4992K, reserved 1048576K
}
Event: 2.461 GC heap after
{Heap after GC invocations=15 (full 0):
 garbage-first heap   total 241664K, used 78869K [0x00000000c0000000, 0x0000000100000000)
  region size 1024K, 1 young (1024K), 1 survivors (1024K)
 Metaspace       used 36553K, committed 37248K, reserved 1114112K
  class space    used 4670K, committed 4992K, reserved 1048576K
}
Event: 2.504 GC heap before
{Heap before GC invocations=15 (full 0):
 garbage-first heap   total 241664K, used 168981K [0x00000000c0000000, 0x0000000100000000)
  region size 1024K, 90 young (92160K), 1 survivors (1024K)
 Metaspace       used 37322K, committed 38080K, reserved 1114112K
  class space    used 4737K, committed 5120K, reserved 1048576K
}
Event: 2.521 GC heap after
{Heap after GC invocations=16 (full 0):
 garbage-first heap   total 241664K, used 90145K [0x00000000c0000000, 0x0000000100000000)
  region size 1024K, 12 young (12288K), 12 survivors (12288K)
 Metaspace       used 37322K, committed 38080K, reserved 1114112K
  class space    used 4737K, committed 5120K, reserved 1048576K
}
Event: 2.528 GC heap before
{Heap before GC invocations=16 (full 0):
 garbage-first heap   total 241664K, used 171041K [0x00000000c0000000, 0x0000000100000000)
  region size 1024K, 92 young (94208K), 12 survivors (12288K)
 Metaspace       used 37329K, committed 38080K, reserved 1114112K
  class space    used 4737K, committed 5120K, reserved 1048576K
}
Event: 2.541 GC heap after
{Heap after GC invocations=17 (full 0):
 garbage-first heap   total 241664K, used 95206K [0x00000000c0000000, 0x0000000100000000)
  region size 1024K, 6 young (6144K), 6 survivors (6144K)
 Metaspace       used 37329K, committed 38080K, reserved 1114112K
  class space    used 4737K, committed 5120K, reserved 1048576K
}
Event: 2.548 GC heap before
{Heap before GC invocations=17 (full 0):
 garbage-first heap   total 241664K, used 176102K [0x00000000c0000000, 0x0000000100000000)
  region size 1024K, 86 young (88064K), 6 survivors (6144K)
 Metaspace       used 37339K, committed 38144K, reserved 1114112K
  class space    used 4738K, committed 5120K, reserved 1048576K
}
Event: 2.551 GC heap after
{Heap after GC invocations=18 (full 0):
 garbage-first heap   total 241664K, used 98990K [0x00000000c0000000, 0x0000000100000000)
  region size 1024K, 9 young (9216K), 9 survivors (9216K)
 Metaspace       used 37339K, committed 38144K, reserved 1114112K
  class space    used 4738K, committed 5120K, reserved 1048576K
}
Event: 2.558 GC heap before
{Heap before GC invocations=18 (full 0):
 garbage-first heap   total 241664K, used 182958K [0x00000000c0000000, 0x0000000100000000)
  region size 1024K, 92 young (94208K), 9 survivors (9216K)
 Metaspace       used 37380K, committed 38144K, reserved 1114112K
  class space    used 4744K, committed 5120K, reserved 1048576K
}
Event: 2.564 GC heap after
{Heap after GC invocations=19 (full 0):
 garbage-first heap   total 565248K, used 104924K [0x00000000c0000000, 0x0000000100000000)
  region size 1024K, 11 young (11264K), 11 survivors (11264K)
 Metaspace       used 37380K, committed 38144K, reserved 1114112K
  class space    used 4744K, committed 5120K, reserved 1048576K
}
Event: 2.630 GC heap before
{Heap before GC invocations=19 (full 0):
 garbage-first heap   total 565248K, used 353756K [0x00000000c0000000, 0x0000000100000000)
  region size 1024K, 255 young (261120K), 11 survivors (11264K)
 Metaspace       used 38000K, committed 38784K, reserved 1114112K
  class space    used 4792K, committed 5184K, reserved 1048576K
}
Event: 2.638 GC heap after
{Heap after GC invocations=20 (full 0):
 garbage-first heap   total 565248K, used 118390K [0x00000000c0000000, 0x0000000100000000)
  region size 1024K, 24 young (24576K), 24 survivors (24576K)
 Metaspace       used 38000K, committed 38784K, reserved 1114112K
  class space    used 4792K, committed 5184K, reserved 1048576K
}
Event: 2.668 GC heap before
{Heap before GC invocations=20 (full 0):
 garbage-first heap   total 565248K, used 420470K [0x00000000c0000000, 0x0000000100000000)
  region size 1024K, 320 young (327680K), 24 survivors (24576K)
 Metaspace       used 38267K, committed 39040K, reserved 1114112K
  class space    used 4825K, committed 5184K, reserved 1048576K
}
Event: 2.679 GC heap after
{Heap after GC invocations=21 (full 0):
 garbage-first heap   total 565248K, used 135379K [0x00000000c0000000, 0x0000000100000000)
  region size 1024K, 36 young (36864K), 36 survivors (36864K)
 Metaspace       used 38267K, committed 39040K, reserved 1114112K
  class space    used 4825K, committed 5184K, reserved 1048576K
}
Event: 2.702 GC heap before
{Heap before GC invocations=21 (full 0):
 garbage-first heap   total 565248K, used 435411K [0x00000000c0000000, 0x0000000100000000)
  region size 1024K, 330 young (337920K), 36 survivors (36864K)
 Metaspace       used 38562K, committed 39296K, reserved 1114112K
  class space    used 4845K, committed 5184K, reserved 1048576K
}
Event: 2.714 GC heap after
{Heap after GC invocations=22 (full 0):
 garbage-first heap   total 565248K, used 161013K [0x00000000c0000000, 0x0000000100000000)
  region size 1024K, 42 young (43008K), 42 survivors (43008K)
 Metaspace       used 38562K, committed 39296K, reserved 1114112K
  class space    used 4845K, committed 5184K, reserved 1048576K
}
Event: 3.001 GC heap before
{Heap before GC invocations=22 (full 0):
 garbage-first heap   total 565248K, used 442613K [0x00000000c0000000, 0x0000000100000000)
  region size 1024K, 317 young (324608K), 42 survivors (43008K)
 Metaspace       used 46844K, committed 47680K, reserved 1114112K
  class space    used 5861K, committed 6272K, reserved 1048576K
}

