# JRE version: Java(TM) SE Runtime Environment (19.0+36) (build 19+36-2238)
# Java VM: Java HotSpot(TM) 64-Bit Server VM (19+36-2238, mixed mode, emulated-client, sharing, tiered, compressed oops, compressed class ptrs, g1 gc, windows-amd64)
GC Precious Log:
 CardTable entry size: 512
 Card Set container configuration: InlinePtr #cards 5 size 8 Array Of Cards #cards 12 size 40 Howl #buckets 4 coarsen threshold 1843 Howl Bitmap #cards 512 size 80 coarsen threshold 460 Card regions per heap region 1 cards per card region 2048
 CPUs: 16 total, 16 available
 Memory: 16088M
 Large Page Support: Disabled
 NUMA Support: Disabled
 Compressed Oops: Enabled (32-bit)
 Heap Region Size: 1M
 Heap Min Capacity: 8M
 Heap Initial Capacity: 252M
 Heap Max Capacity: 1G
 Pre-touch: Disabled
 Parallel Workers: 13
 Concurrent Workers: 3
 Concurrent Refinement Workers: 13
 Periodic GC: Disabled
Heap:
 garbage-first heap   total 65536K, used 29334K [0x00000000c0000000, 0x0000000100000000)
  region size 1024K, 3 young (3072K), 3 survivors (3072K)
 Metaspace       used 32246K, committed 32896K, reserved 1114112K
  class space    used 4262K, committed 4544K, reserved 1048576K
GC Heap History (15 events):
Event: 0.383 GC heap before
{Heap before GC invocations=0 (full 0):
 garbage-first heap   total 258048K, used 22528K [0x00000000c0000000, 0x0000000100000000)
  region size 1024K, 23 young (23552K), 0 survivors (0K)
 Metaspace       used 3107K, committed 3264K, reserved 1114112K
  class space    used 416K, committed 448K, reserved 1048576K
}
Event: 0.386 GC heap after
{Heap after GC invocations=1 (full 0):
 garbage-first heap   total 258048K, used 9030K [0x00000000c0000000, 0x0000000100000000)
  region size 1024K, 3 young (3072K), 3 survivors (3072K)
 Metaspace       used 3107K, committed 3264K, reserved 1114112K
  class space    used 416K, committed 448K, reserved 1048576K
}
Event: 0.671 GC heap before
{Heap before GC invocations=1 (full 0):
 garbage-first heap   total 258048K, used 33606K [0x00000000c0000000, 0x0000000100000000)
  region size 1024K, 27 young (27648K), 3 survivors (3072K)
 Metaspace       used 9450K, committed 9664K, reserved 1114112K
  class space    used 1262K, committed 1344K, reserved 1048576K
}
Event: 0.676 GC heap after
{Heap after GC invocations=2 (full 0):
 garbage-first heap   total 258048K, used 12361K [0x00000000c0000000, 0x0000000100000000)
  region size 1024K, 4 young (4096K), 4 survivors (4096K)
 Metaspace       used 9450K, committed 9664K, reserved 1114112K
  class space    used 1262K, committed 1344K, reserved 1048576K
}
Event: 1.246 GC heap before
{Heap before GC invocations=2 (full 0):
 garbage-first heap   total 258048K, used 73801K [0x00000000c0000000, 0x0000000100000000)
  region size 1024K, 66 young (67584K), 4 survivors (4096K)
 Metaspace       used 21251K, committed 21504K, reserved 1114112K
  class space    used 2666K, committed 2752K, reserved 1048576K
}
Event: 1.250 GC heap after
{Heap after GC invocations=3 (full 0):
 garbage-first heap   total 258048K, used 17028K [0x00000000c0000000, 0x0000000100000000)
  region size 1024K, 8 young (8192K), 8 survivors (8192K)
 Metaspace       used 21251K, committed 21504K, reserved 1114112K
  class space    used 2666K, committed 2752K, reserved 1048576K
}
Event: 1.608 GC heap before
{Heap before GC invocations=4 (full 0):
 garbage-first heap   total 65536K, used 47748K [0x00000000c0000000, 0x0000000100000000)
  region size 1024K, 38 young (38912K), 8 survivors (8192K)
 Metaspace       used 25607K, committed 25984K, reserved 1114112K
  class space    used 3286K, committed 3456K, reserved 1048576K
}
Event: 1.614 GC heap after
{Heap after GC invocations=5 (full 0):
 garbage-first heap   total 65536K, used 20622K [0x00000000c0000000, 0x0000000100000000)
  region size 1024K, 4 young (4096K), 4 survivors (4096K)
 Metaspace       used 25607K, committed 25984K, reserved 1114112K
  class space    used 3286K, committed 3456K, reserved 1048576K
}
Event: 1.622 GC heap before
{Heap before GC invocations=5 (full 0):
 garbage-first heap   total 65536K, used 21646K [0x00000000c0000000, 0x0000000100000000)
  region size 1024K, 5 young (5120K), 4 survivors (4096K)
 Metaspace       used 25719K, committed 26176K, reserved 1114112K
  class space    used 3301K, committed 3520K, reserved 1048576K
}
Event: 1.626 GC heap after
{Heap after GC invocations=6 (full 0):
 garbage-first heap   total 65536K, used 20986K [0x00000000c0000000, 0x0000000100000000)
  region size 1024K, 1 young (1024K), 1 survivors (1024K)
 Metaspace       used 25719K, committed 26176K, reserved 1114112K
  class space    used 3301K, committed 3520K, reserved 1048576K
}
Event: 1.965 GC heap before
{Heap before GC invocations=6 (full 0):
 garbage-first heap   total 65536K, used 41466K [0x00000000c0000000, 0x0000000100000000)
  region size 1024K, 22 young (22528K), 1 survivors (1024K)
 Metaspace       used 29961K, committed 30464K, reserved 1114112K
  class space    used 3910K, committed 4160K, reserved 1048576K
}
Event: 1.968 GC heap after
{Heap after GC invocations=7 (full 0):
 garbage-first heap   total 65536K, used 22304K [0x00000000c0000000, 0x0000000100000000)
  region size 1024K, 3 young (3072K), 3 survivors (3072K)
 Metaspace       used 29961K, committed 30464K, reserved 1114112K
  class space    used 3910K, committed 4160K, reserved 1048576K
}
Event: 2.092 GC heap before
{Heap before GC invocations=7 (full 0):
 garbage-first heap   total 65536K, used 42784K [0x00000000c0000000, 0x0000000100000000)
  region size 1024K, 24 young (24576K), 3 survivors (3072K)
 Metaspace       used 32246K, committed 32896K, reserved 1114112K
  class space    used 4262K, committed 4544K, reserved 1048576K
}
Event: 2.096 GC heap after
{Heap after GC invocations=8 (full 0):
 garbage-first heap   total 65536K, used 25311K [0x00000000c0000000, 0x0000000100000000)
  region size 1024K, 3 young (3072K), 3 survivors (3072K)
 Metaspace       used 32246K, committed 32896K, reserved 1114112K
  class space    used 4262K, committed 4544K, reserved 1048576K
}
Event: 2.117 GC heap before
{Heap before GC invocations=8 (full 0):
 garbage-first heap   total 65536K, used 44767K [0x00000000c0000000, 0x0000000100000000)
  region size 1024K, 23 young (23552K), 3 survivors (3072K)
 Metaspace       used 32246K, committed 32896K, reserved 1114112K
  class space    used 4262K, committed 4544K, reserved 1048576K
}

