# JRE version: Java(TM) SE Runtime Environment (19.0+36) (build 19+36-2238)
# Java VM: Java HotSpot(TM) 64-Bit Server VM (19+36-2238, mixed mode, emulated-client, sharing, tiered, compressed oops, compressed class ptrs, g1 gc, windows-amd64)
GC Precious Log:
 CardTable entry size: 512
 Card Set container configuration: InlinePtr #cards 5 size 8 Array Of Cards #cards 12 size 40 Howl #buckets 4 coarsen threshold 1843 Howl Bitmap #cards 512 size 80 coarsen threshold 460 Card regions per heap region 1 cards per card region 2048
 CPUs: 16 total, 16 available
 Memory: 16088M
 Large Page Support: Disabled
 NUMA Support: Disabled
 Compressed Oops: Enabled (32-bit)
 Heap Region Size: 1M
 Heap Min Capacity: 8M
 Heap Initial Capacity: 252M
 Heap Max Capacity: 1G
 Pre-touch: Disabled
 Parallel Workers: 13
 Concurrent Workers: 3
 Concurrent Refinement Workers: 13
 Periodic GC: Disabled
Heap:
 garbage-first heap   total 258048K, used 79731K [0x00000000c0000000, 0x0000000100000000)
  region size 1024K, 4 young (4096K), 4 survivors (4096K)
 Metaspace       used 32245K, committed 32832K, reserved 1114112K
  class space    used 4253K, committed 4544K, reserved 1048576K
GC Heap History (20 events):
Event: 0.710 GC heap after
{Heap after GC invocations=2 (full 0):
 garbage-first heap   total 258048K, used 12012K [0x00000000c0000000, 0x0000000100000000)
  region size 1024K, 3 young (3072K), 3 survivors (3072K)
 Metaspace       used 9521K, committed 9792K, reserved 1114112K
  class space    used 1272K, committed 1408K, reserved 1048576K
}
Event: 1.310 GC heap before
{Heap before GC invocations=2 (full 0):
 garbage-first heap   total 258048K, used 73452K [0x00000000c0000000, 0x0000000100000000)
  region size 1024K, 65 young (66560K), 3 survivors (3072K)
 Metaspace       used 21259K, committed 21504K, reserved 1114112K
  class space    used 2666K, committed 2752K, reserved 1048576K
}
Event: 1.316 GC heap after
{Heap after GC invocations=3 (full 0):
 garbage-first heap   total 258048K, used 17069K [0x00000000c0000000, 0x0000000100000000)
  region size 1024K, 8 young (8192K), 8 survivors (8192K)
 Metaspace       used 21259K, committed 21504K, reserved 1114112K
  class space    used 2666K, committed 2752K, reserved 1048576K
}
Event: 1.738 GC heap before
{Heap before GC invocations=4 (full 0):
 garbage-first heap   total 61440K, used 45741K [0x00000000c0000000, 0x0000000100000000)
  region size 1024K, 36 young (36864K), 8 survivors (8192K)
 Metaspace       used 25102K, committed 25600K, reserved 1114112K
  class space    used 3221K, committed 3456K, reserved 1048576K
}
Event: 1.744 GC heap after
{Heap after GC invocations=5 (full 0):
 garbage-first heap   total 61440K, used 20845K [0x00000000c0000000, 0x0000000100000000)
  region size 1024K, 4 young (4096K), 4 survivors (4096K)
 Metaspace       used 25102K, committed 25600K, reserved 1114112K
  class space    used 3221K, committed 3456K, reserved 1048576K
}
Event: 1.758 GC heap before
{Heap before GC invocations=5 (full 0):
 garbage-first heap   total 61440K, used 21869K [0x00000000c0000000, 0x0000000100000000)
  region size 1024K, 5 young (5120K), 4 survivors (4096K)
 Metaspace       used 25218K, committed 25664K, reserved 1114112K
  class space    used 3234K, committed 3456K, reserved 1048576K
}
Event: 1.761 GC heap after
{Heap after GC invocations=6 (full 0):
 garbage-first heap   total 61440K, used 20576K [0x00000000c0000000, 0x0000000100000000)
  region size 1024K, 1 young (1024K), 1 survivors (1024K)
 Metaspace       used 25218K, committed 25664K, reserved 1114112K
  class space    used 3234K, committed 3456K, reserved 1048576K
}
Event: 2.176 GC heap before
{Heap before GC invocations=6 (full 0):
 garbage-first heap   total 61440K, used 40032K [0x00000000c0000000, 0x0000000100000000)
  region size 1024K, 20 young (20480K), 1 survivors (1024K)
 Metaspace       used 29323K, committed 29888K, reserved 1114112K
  class space    used 3815K, committed 4096K, reserved 1048576K
}
Event: 2.178 GC heap after
{Heap after GC invocations=7 (full 0):
 garbage-first heap   total 61440K, used 21619K [0x00000000c0000000, 0x0000000100000000)
  region size 1024K, 2 young (2048K), 2 survivors (2048K)
 Metaspace       used 29323K, committed 29888K, reserved 1114112K
  class space    used 3815K, committed 4096K, reserved 1048576K
}
Event: 2.365 GC heap before
{Heap before GC invocations=7 (full 0):
 garbage-first heap   total 61440K, used 41075K [0x00000000c0000000, 0x0000000100000000)
  region size 1024K, 22 young (22528K), 2 survivors (2048K)
 Metaspace       used 31808K, committed 32384K, reserved 1114112K
  class space    used 4192K, committed 4480K, reserved 1048576K
}
Event: 2.368 GC heap after
{Heap after GC invocations=8 (full 0):
 garbage-first heap   total 61440K, used 24625K [0x00000000c0000000, 0x0000000100000000)
  region size 1024K, 3 young (3072K), 3 survivors (3072K)
 Metaspace       used 31808K, committed 32384K, reserved 1114112K
  class space    used 4192K, committed 4480K, reserved 1048576K
}
Event: 2.394 GC heap before
{Heap before GC invocations=8 (full 0):
 garbage-first heap   total 61440K, used 42033K [0x00000000c0000000, 0x0000000100000000)
  region size 1024K, 21 young (21504K), 3 survivors (3072K)
 Metaspace       used 31954K, committed 32512K, reserved 1114112K
  class space    used 4217K, committed 4480K, reserved 1048576K
}
Event: 2.398 GC heap after
{Heap after GC invocations=9 (full 0):
 garbage-first heap   total 159744K, used 28142K [0x00000000c0000000, 0x0000000100000000)
  region size 1024K, 3 young (3072K), 3 survivors (3072K)
 Metaspace       used 31954K, committed 32512K, reserved 1114112K
  class space    used 4217K, committed 4480K, reserved 1048576K
}
Event: 2.530 GC heap before
{Heap before GC invocations=9 (full 0):
 garbage-first heap   total 159744K, used 111086K [0x00000000c0000000, 0x0000000100000000)
  region size 1024K, 85 young (87040K), 3 survivors (3072K)
 Metaspace       used 32038K, committed 32576K, reserved 1114112K
  class space    used 4229K, committed 4480K, reserved 1048576K
}
Event: 2.539 GC heap after
{Heap after GC invocations=10 (full 0):
 garbage-first heap   total 159744K, used 45643K [0x00000000c0000000, 0x0000000100000000)
  region size 1024K, 11 young (11264K), 11 survivors (11264K)
 Metaspace       used 32038K, committed 32576K, reserved 1114112K
  class space    used 4229K, committed 4480K, reserved 1048576K
}
Event: 2.671 GC heap before
{Heap before GC invocations=10 (full 0):
 garbage-first heap   total 159744K, used 111179K [0x00000000c0000000, 0x0000000100000000)
  region size 1024K, 75 young (76800K), 11 survivors (11264K)
 Metaspace       used 32040K, committed 32576K, reserved 1114112K
  class space    used 4230K, committed 4480K, reserved 1048576K
}
Event: 2.683 GC heap after
{Heap after GC invocations=11 (full 0):
 garbage-first heap   total 159744K, used 58479K [0x00000000c0000000, 0x0000000100000000)
  region size 1024K, 10 young (10240K), 10 survivors (10240K)
 Metaspace       used 32040K, committed 32576K, reserved 1114112K
  class space    used 4230K, committed 4480K, reserved 1048576K
}
Event: 2.726 GC heap before
{Heap before GC invocations=11 (full 0):
 garbage-first heap   total 159744K, used 114799K [0x00000000c0000000, 0x0000000100000000)
  region size 1024K, 65 young (66560K), 10 survivors (10240K)
 Metaspace       used 32156K, committed 32768K, reserved 1114112K
  class space    used 4243K, committed 4544K, reserved 1048576K
}
Event: 2.750 GC heap after
{Heap after GC invocations=12 (full 0):
 garbage-first heap   total 159744K, used 75236K [0x00000000c0000000, 0x0000000100000000)
  region size 1024K, 9 young (9216K), 9 survivors (9216K)
 Metaspace       used 32156K, committed 32768K, reserved 1114112K
  class space    used 4243K, committed 4544K, reserved 1048576K
}
Event: 2.758 GC heap before
{Heap before GC invocations=12 (full 0):
 garbage-first heap   total 159744K, used 115172K [0x00000000c0000000, 0x0000000100000000)
  region size 1024K, 49 young (50176K), 9 survivors (9216K)
 Metaspace       used 32245K, committed 32832K, reserved 1114112K
  class space    used 4253K, committed 4544K, reserved 1048576K
}

