# JRE version: Java(TM) SE Runtime Environment (19.0+36) (build 19+36-2238)
# Java VM: Java HotSpot(TM) 64-Bit Server VM (19+36-2238, mixed mode, emulated-client, sharing, tiered, compressed oops, compressed class ptrs, g1 gc, windows-amd64)
GC Precious Log:
 CardTable entry size: 512
 Card Set container configuration: InlinePtr #cards 5 size 8 Array Of Cards #cards 12 size 40 Howl #buckets 4 coarsen threshold 1843 Howl Bitmap #cards 512 size 80 coarsen threshold 460 Card regions per heap region 1 cards per card region 2048
 CPUs: 16 total, 16 available
 Memory: 16088M
 Large Page Support: Disabled
 NUMA Support: Disabled
 Compressed Oops: Enabled (32-bit)
 Heap Region Size: 1M
 Heap Min Capacity: 8M
 Heap Initial Capacity: 252M
 Heap Max Capacity: 1G
 Pre-touch: Disabled
 Parallel Workers: 13
 Concurrent Workers: 3
 Concurrent Refinement Workers: 13
 Periodic GC: Disabled
Heap:
 garbage-first heap   total 542720K, used 178063K [0x00000000c0000000, 0x0000000100000000)
  region size 1024K, 22 young (22528K), 22 survivors (22528K)
 Metaspace       used 40905K, committed 41728K, reserved 1114112K
  class space    used 5174K, committed 5568K, reserved 1048576K
GC Heap History (20 events):
Event: 2.341 GC heap after
{Heap after GC invocations=12 (full 0):
 garbage-first heap   total 115712K, used 54109K [0x00000000c0000000, 0x0000000100000000)
  region size 1024K, 5 young (5120K), 5 survivors (5120K)
 Metaspace       used 35027K, committed 35648K, reserved 1114112K
  class space    used 4528K, committed 4800K, reserved 1048576K
}
Event: 2.373 GC heap before
{Heap before GC invocations=12 (full 0):
 garbage-first heap   total 115712K, used 74589K [0x00000000c0000000, 0x0000000100000000)
  region size 1024K, 27 young (27648K), 5 survivors (5120K)
 Metaspace       used 35354K, committed 35968K, reserved 1114112K
  class space    used 4557K, committed 4864K, reserved 1048576K
}
Event: 2.377 GC heap after
{Heap after GC invocations=13 (full 0):
 garbage-first heap   total 224256K, used 58621K [0x00000000c0000000, 0x0000000100000000)
  region size 1024K, 5 young (5120K), 5 survivors (5120K)
 Metaspace       used 35354K, committed 35968K, reserved 1114112K
  class space    used 4557K, committed 4864K, reserved 1048576K
}
Event: 2.505 GC heap before
{Heap before GC invocations=14 (full 0):
 garbage-first heap   total 204800K, used 165117K [0x00000000c0000000, 0x0000000100000000)
  region size 1024K, 107 young (109568K), 5 survivors (5120K)
 Metaspace       used 36069K, committed 36736K, reserved 1114112K
  class space    used 4649K, committed 4992K, reserved 1048576K
}
Event: 2.528 GC heap after
{Heap after GC invocations=15 (full 0):
 garbage-first heap   total 204800K, used 83511K [0x00000000c0000000, 0x0000000100000000)
  region size 1024K, 14 young (14336K), 14 survivors (14336K)
 Metaspace       used 36069K, committed 36736K, reserved 1114112K
  class space    used 4649K, committed 4992K, reserved 1048576K
}
Event: 2.528 GC heap before
{Heap before GC invocations=15 (full 0):
 garbage-first heap   total 204800K, used 84535K [0x00000000c0000000, 0x0000000100000000)
  region size 1024K, 15 young (15360K), 14 survivors (14336K)
 Metaspace       used 36069K, committed 36736K, reserved 1114112K
  class space    used 4649K, committed 4992K, reserved 1048576K
}
Event: 2.531 GC heap after
{Heap after GC invocations=16 (full 0):
 garbage-first heap   total 204800K, used 85893K [0x00000000c0000000, 0x0000000100000000)
  region size 1024K, 2 young (2048K), 2 survivors (2048K)
 Metaspace       used 36069K, committed 36736K, reserved 1114112K
  class space    used 4649K, committed 4992K, reserved 1048576K
}
Event: 2.537 GC heap before
{Heap before GC invocations=16 (full 0):
 garbage-first heap   total 204800K, used 150405K [0x00000000c0000000, 0x0000000100000000)
  region size 1024K, 66 young (67584K), 2 survivors (2048K)
 Metaspace       used 36078K, committed 36800K, reserved 1114112K
  class space    used 4649K, committed 4992K, reserved 1048576K
}
Event: 2.539 GC heap after
{Heap after GC invocations=17 (full 0):
 garbage-first heap   total 204800K, used 87941K [0x00000000c0000000, 0x0000000100000000)
  region size 1024K, 4 young (4096K), 4 survivors (4096K)
 Metaspace       used 36078K, committed 36800K, reserved 1114112K
  class space    used 4649K, committed 4992K, reserved 1048576K
}
Event: 2.548 GC heap before
{Heap before GC invocations=17 (full 0):
 garbage-first heap   total 204800K, used 153477K [0x00000000c0000000, 0x0000000100000000)
  region size 1024K, 69 young (70656K), 4 survivors (4096K)
 Metaspace       used 36084K, committed 36800K, reserved 1114112K
  class space    used 4651K, committed 4992K, reserved 1048576K
}
Event: 2.551 GC heap after
{Heap after GC invocations=18 (full 0):
 garbage-first heap   total 204800K, used 91783K [0x00000000c0000000, 0x0000000100000000)
  region size 1024K, 8 young (8192K), 8 survivors (8192K)
 Metaspace       used 36084K, committed 36800K, reserved 1114112K
  class space    used 4651K, committed 4992K, reserved 1048576K
}
Event: 2.556 GC heap before
{Heap before GC invocations=18 (full 0):
 garbage-first heap   total 204800K, used 157319K [0x00000000c0000000, 0x0000000100000000)
  region size 1024K, 73 young (74752K), 8 survivors (8192K)
 Metaspace       used 36089K, committed 36800K, reserved 1114112K
  class space    used 4655K, committed 4992K, reserved 1048576K
}
Event: 2.562 GC heap after
{Heap after GC invocations=19 (full 0):
 garbage-first heap   total 542720K, used 95223K [0x00000000c0000000, 0x0000000100000000)
  region size 1024K, 8 young (8192K), 8 survivors (8192K)
 Metaspace       used 36089K, committed 36800K, reserved 1114112K
  class space    used 4655K, committed 4992K, reserved 1048576K
}
Event: 2.644 GC heap before
{Heap before GC invocations=19 (full 0):
 garbage-first heap   total 542720K, used 402423K [0x00000000c0000000, 0x0000000100000000)
  region size 1024K, 309 young (316416K), 8 survivors (8192K)
 Metaspace       used 36176K, committed 36864K, reserved 1114112K
  class space    used 4663K, committed 4992K, reserved 1048576K
}
Event: 2.654 GC heap after
{Heap after GC invocations=20 (full 0):
 garbage-first heap   total 542720K, used 114102K [0x00000000c0000000, 0x0000000100000000)
  region size 1024K, 26 young (26624K), 26 survivors (26624K)
 Metaspace       used 36176K, committed 36864K, reserved 1114112K
  class space    used 4663K, committed 4992K, reserved 1048576K
}
Event: 2.677 GC heap before
{Heap before GC invocations=20 (full 0):
 garbage-first heap   total 542720K, used 404918K [0x00000000c0000000, 0x0000000100000000)
  region size 1024K, 311 young (318464K), 26 survivors (26624K)
 Metaspace       used 36187K, committed 36864K, reserved 1114112K
  class space    used 4664K, committed 4992K, reserved 1048576K
}
Event: 2.688 GC heap after
{Heap after GC invocations=21 (full 0):
 garbage-first heap   total 542720K, used 130232K [0x00000000c0000000, 0x0000000100000000)
  region size 1024K, 35 young (35840K), 35 survivors (35840K)
 Metaspace       used 36187K, committed 36864K, reserved 1114112K
  class space    used 4664K, committed 4992K, reserved 1048576K
}
Event: 2.710 GC heap before
{Heap before GC invocations=21 (full 0):
 garbage-first heap   total 542720K, used 416952K [0x00000000c0000000, 0x0000000100000000)
  region size 1024K, 316 young (323584K), 35 survivors (35840K)
 Metaspace       used 36218K, committed 36864K, reserved 1114112K
  class space    used 4670K, committed 4992K, reserved 1048576K
}
Event: 2.723 GC heap after
{Heap after GC invocations=22 (full 0):
 garbage-first heap   total 542720K, used 154353K [0x00000000c0000000, 0x0000000100000000)
  region size 1024K, 40 young (40960K), 40 survivors (40960K)
 Metaspace       used 36218K, committed 36864K, reserved 1114112K
  class space    used 4670K, committed 4992K, reserved 1048576K
}
Event: 2.941 GC heap before
{Heap before GC invocations=22 (full 0):
 garbage-first heap   total 542720K, used 423665K [0x00000000c0000000, 0x0000000100000000)
  region size 1024K, 303 young (310272K), 40 survivors (40960K)
 Metaspace       used 40905K, committed 41728K, reserved 1114112K
  class space    used 5174K, committed 5568K, reserved 1048576K
}

