# JRE version: Java(TM) SE Runtime Environment (19.0+36) (build 19+36-2238)
# Java VM: Java HotSpot(TM) 64-Bit Server VM (19+36-2238, mixed mode, emulated-client, sharing, tiered, compressed oops, compressed class ptrs, g1 gc, windows-amd64)
GC Precious Log:
 CardTable entry size: 512
 Card Set container configuration: InlinePtr #cards 5 size 8 Array Of Cards #cards 12 size 40 Howl #buckets 4 coarsen threshold 1843 Howl Bitmap #cards 512 size 80 coarsen threshold 460 Card regions per heap region 1 cards per card region 2048
 CPUs: 16 total, 16 available
 Memory: 16088M
 Large Page Support: Disabled
 NUMA Support: Disabled
 Compressed Oops: Enabled (32-bit)
 Heap Region Size: 1M
 Heap Min Capacity: 8M
 Heap Initial Capacity: 252M
 Heap Max Capacity: 1G
 Pre-touch: Disabled
 Parallel Workers: 13
 Concurrent Workers: 3
 Concurrent Refinement Workers: 13
 Periodic GC: Disabled
Heap:
 garbage-first heap   total 348160K, used 100277K [0x00000000c0000000, 0x0000000100000000)
  region size 1024K, 1 young (1024K), 0 survivors (0K)
 Metaspace       used 70551K, committed 71360K, reserved 1114112K
  class space    used 9435K, committed 9792K, reserved 1048576K
GC Heap History (20 events):
Event: 75829.474 GC heap after
{Heap after GC invocations=2528 (full 1888):
 garbage-first heap   total 348160K, used 100277K [0x00000000c0000000, 0x0000000100000000)
  region size 1024K, 0 young (0K), 0 survivors (0K)
 Metaspace       used 70551K, committed 71360K, reserved 1114112K
  class space    used 9435K, committed 9792K, reserved 1048576K
}
Event: 75839.766 GC heap before
{Heap before GC invocations=2528 (full 1888):
 garbage-first heap   total 348160K, used 100277K [0x00000000c0000000, 0x0000000100000000)
  region size 1024K, 1 young (1024K), 0 survivors (0K)
 Metaspace       used 70551K, committed 71360K, reserved 1114112K
  class space    used 9435K, committed 9792K, reserved 1048576K
}
Event: 75839.863 GC heap after
{Heap after GC invocations=2529 (full 1889):
 garbage-first heap   total 348160K, used 100277K [0x00000000c0000000, 0x0000000100000000)
  region size 1024K, 0 young (0K), 0 survivors (0K)
 Metaspace       used 70551K, committed 71360K, reserved 1114112K
  class space    used 9435K, committed 9792K, reserved 1048576K
}
Event: 75850.124 GC heap before
{Heap before GC invocations=2529 (full 1889):
 garbage-first heap   total 348160K, used 100277K [0x00000000c0000000, 0x0000000100000000)
  region size 1024K, 1 young (1024K), 0 survivors (0K)
 Metaspace       used 70551K, committed 71360K, reserved 1114112K
  class space    used 9435K, committed 9792K, reserved 1048576K
}
Event: 75850.208 GC heap after
{Heap after GC invocations=2530 (full 1890):
 garbage-first heap   total 348160K, used 100277K [0x00000000c0000000, 0x0000000100000000)
  region size 1024K, 0 young (0K), 0 survivors (0K)
 Metaspace       used 70551K, committed 71360K, reserved 1114112K
  class space    used 9435K, committed 9792K, reserved 1048576K
}
Event: 75860.499 GC heap before
{Heap before GC invocations=2530 (full 1890):
 garbage-first heap   total 348160K, used 100277K [0x00000000c0000000, 0x0000000100000000)
  region size 1024K, 1 young (1024K), 0 survivors (0K)
 Metaspace       used 70551K, committed 71360K, reserved 1114112K
  class space    used 9435K, committed 9792K, reserved 1048576K
}
Event: 75860.577 GC heap after
{Heap after GC invocations=2531 (full 1891):
 garbage-first heap   total 348160K, used 100277K [0x00000000c0000000, 0x0000000100000000)
  region size 1024K, 0 young (0K), 0 survivors (0K)
 Metaspace       used 70551K, committed 71360K, reserved 1114112K
  class space    used 9435K, committed 9792K, reserved 1048576K
}
Event: 75870.851 GC heap before
{Heap before GC invocations=2531 (full 1891):
 garbage-first heap   total 348160K, used 100277K [0x00000000c0000000, 0x0000000100000000)
  region size 1024K, 1 young (1024K), 0 survivors (0K)
 Metaspace       used 70551K, committed 71360K, reserved 1114112K
  class space    used 9435K, committed 9792K, reserved 1048576K
}
Event: 75870.936 GC heap after
{Heap after GC invocations=2532 (full 1892):
 garbage-first heap   total 348160K, used 100277K [0x00000000c0000000, 0x0000000100000000)
  region size 1024K, 0 young (0K), 0 survivors (0K)
 Metaspace       used 70551K, committed 71360K, reserved 1114112K
  class space    used 9435K, committed 9792K, reserved 1048576K
}
Event: 75881.199 GC heap before
{Heap before GC invocations=2532 (full 1892):
 garbage-first heap   total 348160K, used 100277K [0x00000000c0000000, 0x0000000100000000)
  region size 1024K, 1 young (1024K), 0 survivors (0K)
 Metaspace       used 70551K, committed 71360K, reserved 1114112K
  class space    used 9435K, committed 9792K, reserved 1048576K
}
Event: 75881.291 GC heap after
{Heap after GC invocations=2533 (full 1893):
 garbage-first heap   total 348160K, used 100277K [0x00000000c0000000, 0x0000000100000000)
  region size 1024K, 0 young (0K), 0 survivors (0K)
 Metaspace       used 70551K, committed 71360K, reserved 1114112K
  class space    used 9435K, committed 9792K, reserved 1048576K
}
Event: 75891.554 GC heap before
{Heap before GC invocations=2533 (full 1893):
 garbage-first heap   total 348160K, used 100277K [0x00000000c0000000, 0x0000000100000000)
  region size 1024K, 1 young (1024K), 0 survivors (0K)
 Metaspace       used 70551K, committed 71360K, reserved 1114112K
  class space    used 9435K, committed 9792K, reserved 1048576K
}
Event: 75891.633 GC heap after
{Heap after GC invocations=2534 (full 1894):
 garbage-first heap   total 348160K, used 100277K [0x00000000c0000000, 0x0000000100000000)
  region size 1024K, 0 young (0K), 0 survivors (0K)
 Metaspace       used 70551K, committed 71360K, reserved 1114112K
  class space    used 9435K, committed 9792K, reserved 1048576K
}
Event: 75901.930 GC heap before
{Heap before GC invocations=2534 (full 1894):
 garbage-first heap   total 348160K, used 100277K [0x00000000c0000000, 0x0000000100000000)
  region size 1024K, 1 young (1024K), 0 survivors (0K)
 Metaspace       used 70551K, committed 71360K, reserved 1114112K
  class space    used 9435K, committed 9792K, reserved 1048576K
}
Event: 75902.007 GC heap after
{Heap after GC invocations=2535 (full 1895):
 garbage-first heap   total 348160K, used 100277K [0x00000000c0000000, 0x0000000100000000)
  region size 1024K, 0 young (0K), 0 survivors (0K)
 Metaspace       used 70551K, committed 71360K, reserved 1114112K
  class space    used 9435K, committed 9792K, reserved 1048576K
}
Event: 75912.272 GC heap before
{Heap before GC invocations=2535 (full 1895):
 garbage-first heap   total 348160K, used 100277K [0x00000000c0000000, 0x0000000100000000)
  region size 1024K, 1 young (1024K), 0 survivors (0K)
 Metaspace       used 70551K, committed 71360K, reserved 1114112K
  class space    used 9435K, committed 9792K, reserved 1048576K
}
Event: 75912.357 GC heap after
{Heap after GC invocations=2536 (full 1896):
 garbage-first heap   total 348160K, used 100277K [0x00000000c0000000, 0x0000000100000000)
  region size 1024K, 0 young (0K), 0 survivors (0K)
 Metaspace       used 70551K, committed 71360K, reserved 1114112K
  class space    used 9435K, committed 9792K, reserved 1048576K
}
Event: 75922.613 GC heap before
{Heap before GC invocations=2536 (full 1896):
 garbage-first heap   total 348160K, used 100277K [0x00000000c0000000, 0x0000000100000000)
  region size 1024K, 1 young (1024K), 0 survivors (0K)
 Metaspace       used 70551K, committed 71360K, reserved 1114112K
  class space    used 9435K, committed 9792K, reserved 1048576K
}
Event: 75922.695 GC heap after
{Heap after GC invocations=2537 (full 1897):
 garbage-first heap   total 348160K, used 100277K [0x00000000c0000000, 0x0000000100000000)
  region size 1024K, 0 young (0K), 0 survivors (0K)
 Metaspace       used 70551K, committed 71360K, reserved 1114112K
  class space    used 9435K, committed 9792K, reserved 1048576K
}
Event: 75932.952 GC heap before
{Heap before GC invocations=2537 (full 1897):
 garbage-first heap   total 348160K, used 100277K [0x00000000c0000000, 0x0000000100000000)
  region size 1024K, 1 young (1024K), 0 survivors (0K)
 Metaspace       used 70551K, committed 71360K, reserved 1114112K
  class space    used 9435K, committed 9792K, reserved 1048576K
}

