# JRE version: Java(TM) SE Runtime Environment (19.0+36) (build 19+36-2238)
# Java VM: Java HotSpot(TM) 64-Bit Server VM (19+36-2238, mixed mode, emulated-client, sharing, tiered, compressed oops, compressed class ptrs, g1 gc, windows-amd64)
GC Precious Log:
 CardTable entry size: 512
 Card Set container configuration: InlinePtr #cards 5 size 8 Array Of Cards #cards 12 size 40 Howl #buckets 4 coarsen threshold 1843 Howl Bitmap #cards 512 size 80 coarsen threshold 460 Card regions per heap region 1 cards per card region 2048
 CPUs: 16 total, 16 available
 Memory: 16088M
 Large Page Support: Disabled
 NUMA Support: Disabled
 Compressed Oops: Enabled (32-bit)
 Heap Region Size: 1M
 Heap Min Capacity: 8M
 Heap Initial Capacity: 252M
 Heap Max Capacity: 1G
 Pre-touch: Disabled
 Parallel Workers: 13
 Concurrent Workers: 3
 Concurrent Refinement Workers: 13
 Periodic GC: Disabled
Heap:
 garbage-first heap   total 258048K, used 88645K [0x00000000c0000000, 0x0000000100000000)
  region size 1024K, 7 young (7168K), 7 survivors (7168K)
 Metaspace       used 32453K, committed 33024K, reserved 1114112K
  class space    used 4293K, committed 4544K, reserved 1048576K
GC Heap History (20 events):
Event: 2.044 GC heap after
{Heap after GC invocations=7 (full 0):
 garbage-first heap   total 65536K, used 21930K [0x00000000c0000000, 0x0000000100000000)
  region size 1024K, 3 young (3072K), 3 survivors (3072K)
 Metaspace       used 29853K, committed 30400K, reserved 1114112K
  class space    used 3894K, committed 4160K, reserved 1048576K
}
Event: 2.164 GC heap before
{Heap before GC invocations=7 (full 0):
 garbage-first heap   total 65536K, used 42410K [0x00000000c0000000, 0x0000000100000000)
  region size 1024K, 24 young (24576K), 3 survivors (3072K)
 Metaspace       used 31992K, committed 32576K, reserved 1114112K
  class space    used 4225K, committed 4544K, reserved 1048576K
}
Event: 2.167 GC heap after
{Heap after GC invocations=8 (full 0):
 garbage-first heap   total 65536K, used 24973K [0x00000000c0000000, 0x0000000100000000)
  region size 1024K, 3 young (3072K), 3 survivors (3072K)
 Metaspace       used 31992K, committed 32576K, reserved 1114112K
  class space    used 4225K, committed 4544K, reserved 1048576K
}
Event: 2.202 GC heap before
{Heap before GC invocations=8 (full 0):
 garbage-first heap   total 65536K, used 44429K [0x00000000c0000000, 0x0000000100000000)
  region size 1024K, 23 young (23552K), 3 survivors (3072K)
 Metaspace       used 32233K, committed 32832K, reserved 1114112K
  class space    used 4262K, committed 4544K, reserved 1048576K
}
Event: 2.204 GC heap after
{Heap after GC invocations=9 (full 0):
 garbage-first heap   total 111616K, used 28637K [0x00000000c0000000, 0x0000000100000000)
  region size 1024K, 3 young (3072K), 3 survivors (3072K)
 Metaspace       used 32233K, committed 32832K, reserved 1114112K
  class space    used 4262K, committed 4544K, reserved 1048576K
}
Event: 2.287 GC heap before
{Heap before GC invocations=9 (full 0):
 garbage-first heap   total 111616K, used 77789K [0x00000000c0000000, 0x0000000100000000)
  region size 1024K, 52 young (53248K), 3 survivors (3072K)
 Metaspace       used 32325K, committed 32896K, reserved 1114112K
  class space    used 4276K, committed 4544K, reserved 1048576K
}
Event: 2.291 GC heap after
{Heap after GC invocations=10 (full 0):
 garbage-first heap   total 111616K, used 37419K [0x00000000c0000000, 0x0000000100000000)
  region size 1024K, 7 young (7168K), 7 survivors (7168K)
 Metaspace       used 32325K, committed 32896K, reserved 1114112K
  class space    used 4276K, committed 4544K, reserved 1048576K
}
Event: 2.330 GC heap before
{Heap before GC invocations=10 (full 0):
 garbage-first heap   total 111616K, used 79403K [0x00000000c0000000, 0x0000000100000000)
  region size 1024K, 49 young (50176K), 7 survivors (7168K)
 Metaspace       used 32328K, committed 32896K, reserved 1114112K
  class space    used 4276K, committed 4544K, reserved 1048576K
}
Event: 2.334 GC heap after
{Heap after GC invocations=11 (full 0):
 garbage-first heap   total 111616K, used 48190K [0x00000000c0000000, 0x0000000100000000)
  region size 1024K, 7 young (7168K), 7 survivors (7168K)
 Metaspace       used 32328K, committed 32896K, reserved 1114112K
  class space    used 4276K, committed 4544K, reserved 1048576K
}
Event: 2.366 GC heap before
{Heap before GC invocations=11 (full 0):
 garbage-first heap   total 111616K, used 79934K [0x00000000c0000000, 0x0000000100000000)
  region size 1024K, 39 young (39936K), 7 survivors (7168K)
 Metaspace       used 32329K, committed 32896K, reserved 1114112K
  class space    used 4276K, committed 4544K, reserved 1048576K
}
Event: 2.369 GC heap after
{Heap after GC invocations=12 (full 0):
 garbage-first heap   total 111616K, used 54004K [0x00000000c0000000, 0x0000000100000000)
  region size 1024K, 5 young (5120K), 5 survivors (5120K)
 Metaspace       used 32329K, committed 32896K, reserved 1114112K
  class space    used 4276K, committed 4544K, reserved 1048576K
}
Event: 2.434 GC heap before
{Heap before GC invocations=12 (full 0):
 garbage-first heap   total 111616K, used 70388K [0x00000000c0000000, 0x0000000100000000)
  region size 1024K, 23 young (23552K), 5 survivors (5120K)
 Metaspace       used 32329K, committed 32896K, reserved 1114112K
  class space    used 4276K, committed 4544K, reserved 1048576K
}
Event: 2.438 GC heap after
{Heap after GC invocations=13 (full 0):
 garbage-first heap   total 196608K, used 59030K [0x00000000c0000000, 0x0000000100000000)
  region size 1024K, 5 young (5120K), 5 survivors (5120K)
 Metaspace       used 32329K, committed 32896K, reserved 1114112K
  class space    used 4276K, committed 4544K, reserved 1048576K
}
Event: 2.498 GC heap before
{Heap before GC invocations=13 (full 0):
 garbage-first heap   total 196608K, used 123542K [0x00000000c0000000, 0x0000000100000000)
  region size 1024K, 67 young (68608K), 5 survivors (5120K)
 Metaspace       used 32429K, committed 33024K, reserved 1114112K
  class space    used 4285K, committed 4544K, reserved 1048576K
}
Event: 2.521 GC heap after
{Heap after GC invocations=14 (full 0):
 garbage-first heap   total 196608K, used 77976K [0x00000000c0000000, 0x0000000100000000)
  region size 1024K, 9 young (9216K), 9 survivors (9216K)
 Metaspace       used 32429K, committed 33024K, reserved 1114112K
  class space    used 4285K, committed 4544K, reserved 1048576K
}
Event: 2.529 GC heap before
{Heap before GC invocations=14 (full 0):
 garbage-first heap   total 196608K, used 131224K [0x00000000c0000000, 0x0000000100000000)
  region size 1024K, 62 young (63488K), 9 survivors (9216K)
 Metaspace       used 32438K, committed 33024K, reserved 1114112K
  class space    used 4287K, committed 4544K, reserved 1048576K
}
Event: 2.532 GC heap after
{Heap after GC invocations=15 (full 0):
 garbage-first heap   total 196608K, used 82633K [0x00000000c0000000, 0x0000000100000000)
  region size 1024K, 4 young (4096K), 4 survivors (4096K)
 Metaspace       used 32438K, committed 33024K, reserved 1114112K
  class space    used 4287K, committed 4544K, reserved 1048576K
}
Event: 2.540 GC heap before
{Heap before GC invocations=15 (full 0):
 garbage-first heap   total 196608K, used 137929K [0x00000000c0000000, 0x0000000100000000)
  region size 1024K, 59 young (60416K), 4 survivors (4096K)
 Metaspace       used 32445K, committed 33024K, reserved 1114112K
  class space    used 4288K, committed 4544K, reserved 1048576K
}
Event: 2.543 GC heap after
{Heap after GC invocations=16 (full 0):
 garbage-first heap   total 196608K, used 85108K [0x00000000c0000000, 0x0000000100000000)
  region size 1024K, 7 young (7168K), 7 survivors (7168K)
 Metaspace       used 32445K, committed 33024K, reserved 1114112K
  class space    used 4288K, committed 4544K, reserved 1048576K
}
Event: 2.547 GC heap before
{Heap before GC invocations=16 (full 0):
 garbage-first heap   total 196608K, used 141428K [0x00000000c0000000, 0x0000000100000000)
  region size 1024K, 63 young (64512K), 7 survivors (7168K)
 Metaspace       used 32453K, committed 33024K, reserved 1114112K
  class space    used 4293K, committed 4544K, reserved 1048576K
}

