# JRE version: Java(TM) SE Runtime Environment (19.0+36) (build 19+36-2238)
# Java VM: Java HotSpot(TM) 64-Bit Server VM (19+36-2238, mixed mode, emulated-client, sharing, tiered, compressed oops, compressed class ptrs, g1 gc, windows-amd64)
GC Precious Log:
 CardTable entry size: 512
 Card Set container configuration: InlinePtr #cards 5 size 8 Array Of Cards #cards 12 size 40 Howl #buckets 4 coarsen threshold 1843 Howl Bitmap #cards 512 size 80 coarsen threshold 460 Card regions per heap region 1 cards per card region 2048
 CPUs: 16 total, 16 available
 Memory: 16088M
 Large Page Support: Disabled
 NUMA Support: Disabled
 Compressed Oops: Enabled (32-bit)
 Heap Region Size: 1M
 Heap Min Capacity: 8M
 Heap Initial Capacity: 252M
 Heap Max Capacity: 1G
 Pre-touch: Disabled
 Parallel Workers: 13
 Concurrent Workers: 3
 Concurrent Refinement Workers: 13
 Periodic GC: Disabled
Heap:
 garbage-first heap   total 261120K, used 99090K [0x00000000c0000000, 0x0000000100000000)
  region size 1024K, 12 young (12288K), 12 survivors (12288K)
 Metaspace       used 32254K, committed 32832K, reserved 1114112K
  class space    used 4259K, committed 4544K, reserved 1048576K
GC Heap History (20 events):
Event: 2.014 GC heap after
{Heap after GC invocations=7 (full 0):
 garbage-first heap   total 65536K, used 21852K [0x00000000c0000000, 0x0000000100000000)
  region size 1024K, 3 young (3072K), 3 survivors (3072K)
 Metaspace       used 30160K, committed 30784K, reserved 1114112K
  class space    used 3945K, committed 4224K, reserved 1048576K
}
Event: 2.107 GC heap before
{Heap before GC invocations=7 (full 0):
 garbage-first heap   total 65536K, used 42332K [0x00000000c0000000, 0x0000000100000000)
  region size 1024K, 24 young (24576K), 3 survivors (3072K)
 Metaspace       used 31966K, committed 32512K, reserved 1114112K
  class space    used 4224K, committed 4480K, reserved 1048576K
}
Event: 2.113 GC heap after
{Heap after GC invocations=8 (full 0):
 garbage-first heap   total 65536K, used 26072K [0x00000000c0000000, 0x0000000100000000)
  region size 1024K, 3 young (3072K), 3 survivors (3072K)
 Metaspace       used 31966K, committed 32512K, reserved 1114112K
  class space    used 4224K, committed 4480K, reserved 1048576K
}
Event: 2.136 GC heap before
{Heap before GC invocations=8 (full 0):
 garbage-first heap   total 65536K, used 45528K [0x00000000c0000000, 0x0000000100000000)
  region size 1024K, 23 young (23552K), 3 survivors (3072K)
 Metaspace       used 31966K, committed 32512K, reserved 1114112K
  class space    used 4224K, committed 4480K, reserved 1048576K
}
Event: 2.139 GC heap after
{Heap after GC invocations=9 (full 0):
 garbage-first heap   total 131072K, used 30113K [0x00000000c0000000, 0x0000000100000000)
  region size 1024K, 3 young (3072K), 3 survivors (3072K)
 Metaspace       used 31966K, committed 32512K, reserved 1114112K
  class space    used 4224K, committed 4480K, reserved 1048576K
}
Event: 2.233 GC heap before
{Heap before GC invocations=9 (full 0):
 garbage-first heap   total 131072K, used 88481K [0x00000000c0000000, 0x0000000100000000)
  region size 1024K, 61 young (62464K), 3 survivors (3072K)
 Metaspace       used 32044K, committed 32576K, reserved 1114112K
  class space    used 4235K, committed 4480K, reserved 1048576K
}
Event: 2.238 GC heap after
{Heap after GC invocations=10 (full 0):
 garbage-first heap   total 131072K, used 40266K [0x00000000c0000000, 0x0000000100000000)
  region size 1024K, 8 young (8192K), 8 survivors (8192K)
 Metaspace       used 32044K, committed 32576K, reserved 1114112K
  class space    used 4235K, committed 4480K, reserved 1048576K
}
Event: 2.283 GC heap before
{Heap before GC invocations=10 (full 0):
 garbage-first heap   total 131072K, used 92490K [0x00000000c0000000, 0x0000000100000000)
  region size 1024K, 59 young (60416K), 8 survivors (8192K)
 Metaspace       used 32044K, committed 32576K, reserved 1114112K
  class space    used 4235K, committed 4480K, reserved 1048576K
}
Event: 2.289 GC heap after
{Heap after GC invocations=11 (full 0):
 garbage-first heap   total 131072K, used 51523K [0x00000000c0000000, 0x0000000100000000)
  region size 1024K, 8 young (8192K), 8 survivors (8192K)
 Metaspace       used 32044K, committed 32576K, reserved 1114112K
  class space    used 4235K, committed 4480K, reserved 1048576K
}
Event: 2.375 GC heap before
{Heap before GC invocations=11 (full 0):
 garbage-first heap   total 131072K, used 94531K [0x00000000c0000000, 0x0000000100000000)
  region size 1024K, 50 young (51200K), 8 survivors (8192K)
 Metaspace       used 32046K, committed 32576K, reserved 1114112K
  class space    used 4235K, committed 4480K, reserved 1048576K
}
Event: 2.386 GC heap after
{Heap after GC invocations=12 (full 0):
 garbage-first heap   total 131072K, used 65414K [0x00000000c0000000, 0x0000000100000000)
  region size 1024K, 7 young (7168K), 7 survivors (7168K)
 Metaspace       used 32046K, committed 32576K, reserved 1114112K
  class space    used 4235K, committed 4480K, reserved 1048576K
}
Event: 2.412 GC heap before
{Heap before GC invocations=12 (full 0):
 garbage-first heap   total 131072K, used 97158K [0x00000000c0000000, 0x0000000100000000)
  region size 1024K, 38 young (38912K), 7 survivors (7168K)
 Metaspace       used 32140K, committed 32768K, reserved 1114112K
  class space    used 4245K, committed 4544K, reserved 1048576K
}
Event: 2.433 GC heap after
{Heap after GC invocations=13 (full 0):
 garbage-first heap   total 261120K, used 76400K [0x00000000c0000000, 0x0000000100000000)
  region size 1024K, 5 young (5120K), 5 survivors (5120K)
 Metaspace       used 32140K, committed 32768K, reserved 1114112K
  class space    used 4245K, committed 4544K, reserved 1048576K
}
Event: 2.463 GC heap before
{Heap before GC invocations=13 (full 0):
 garbage-first heap   total 261120K, used 159344K [0x00000000c0000000, 0x0000000100000000)
  region size 1024K, 87 young (89088K), 5 survivors (5120K)
 Metaspace       used 32149K, committed 32768K, reserved 1114112K
  class space    used 4245K, committed 4544K, reserved 1048576K
}
Event: 2.468 GC heap after
{Heap after GC invocations=14 (full 0):
 garbage-first heap   total 261120K, used 82072K [0x00000000c0000000, 0x0000000100000000)
  region size 1024K, 11 young (11264K), 11 survivors (11264K)
 Metaspace       used 32149K, committed 32768K, reserved 1114112K
  class space    used 4245K, committed 4544K, reserved 1048576K
}
Event: 2.480 GC heap before
{Heap before GC invocations=14 (full 0):
 garbage-first heap   total 261120K, used 179352K [0x00000000c0000000, 0x0000000100000000)
  region size 1024K, 107 young (109568K), 11 survivors (11264K)
 Metaspace       used 32161K, committed 32768K, reserved 1114112K
  class space    used 4247K, committed 4544K, reserved 1048576K
}
Event: 2.487 GC heap after
{Heap after GC invocations=15 (full 0):
 garbage-first heap   total 261120K, used 87480K [0x00000000c0000000, 0x0000000100000000)
  region size 1024K, 11 young (11264K), 11 survivors (11264K)
 Metaspace       used 32161K, committed 32768K, reserved 1114112K
  class space    used 4247K, committed 4544K, reserved 1048576K
}
Event: 2.495 GC heap before
{Heap before GC invocations=15 (full 0):
 garbage-first heap   total 261120K, used 187832K [0x00000000c0000000, 0x0000000100000000)
  region size 1024K, 110 young (112640K), 11 survivors (11264K)
 Metaspace       used 32251K, committed 32832K, reserved 1114112K
  class space    used 4258K, committed 4544K, reserved 1048576K
}
Event: 2.501 GC heap after
{Heap after GC invocations=16 (full 0):
 garbage-first heap   total 261120K, used 93660K [0x00000000c0000000, 0x0000000100000000)
  region size 1024K, 12 young (12288K), 12 survivors (12288K)
 Metaspace       used 32251K, committed 32832K, reserved 1114112K
  class space    used 4258K, committed 4544K, reserved 1048576K
}
Event: 2.524 GC heap before
{Heap before GC invocations=16 (full 0):
 garbage-first heap   total 261120K, used 195036K [0x00000000c0000000, 0x0000000100000000)
  region size 1024K, 112 young (114688K), 12 survivors (12288K)
 Metaspace       used 32254K, committed 32832K, reserved 1114112K
  class space    used 4259K, committed 4544K, reserved 1048576K
}

